Assuming unrestricted shared filesystem usage.
host: ib16be-005.science.gc.ca
Building DAG of jobs...
Using shell: /usr/bin/bash
Provided cores: 2
Rules claiming more threads will be scaled down.
Job stats:
job                 count
----------------  -------
all                     1
filter_sequences        1
total                   2

Select jobs to execute...
Execute 1 jobs...

[Mon Feb 10 16:29:08 2025]
localrule filter_sequences:
    input: data/example.fasta
    output: filtered/example.filtered.fasta
    jobid: 1
    reason: Missing output files: filtered/example.filtered.fasta
    wildcards: sample=example
    resources: tmpdir=/tmp

[33m[WARN][0m you may switch on flag -g/--remove-gaps to remove spaces
[Mon Feb 10 16:29:08 2025]
Finished job 1.
1 of 2 steps (50%) done
Select jobs to execute...
Execute 1 jobs...

[Mon Feb 10 16:29:08 2025]
localrule all:
    input: filtered/example.filtered.fasta
    jobid: 0
    reason: Input files updated by another job: filtered/example.filtered.fasta
    resources: tmpdir=/tmp

[Mon Feb 10 16:29:08 2025]
Finished job 0.
2 of 2 steps (100%) done
Complete log: .snakemake/log/2025-02-10T162908.139530.snakemake.log
