host: ib16be-005.science.gc.ca
Building DAG of jobs...
Your conda installation is not configured to use strict channel priorities. This is however important for having robust and correct environments (for details, see https://conda-forge.org/docs/user/tipsandtricks.html). Please consider to configure strict priorities by executing 'conda config --set channel_priority strict'.
Using shell: /usr/bin/bash
Provided cores: 2
Rules claiming more threads will be scaled down.
Job stats:
job                 count
----------------  -------
all                     1
filter_sequences       11
total                  12

Select jobs to execute...
Execute 2 jobs...

[Mon Feb 10 19:56:08 2025]
localrule filter_sequences:
    input: data/example8.fasta
    output: filtered/example8.filtered.fasta
    jobid: 6
    reason: Missing output files: filtered/example8.filtered.fasta
    wildcards: sample=example8
    resources: tmpdir=/tmp

Activating conda environment: ../envs/a6530481a83d259fb71ae8a2e9ac16d3_

[Mon Feb 10 19:56:08 2025]
localrule filter_sequences:
    input: data/example9.fasta
    output: filtered/example9.filtered.fasta
    jobid: 1
    reason: Missing output files: filtered/example9.filtered.fasta
    wildcards: sample=example9
    resources: tmpdir=/tmp

Activating conda environment: ../envs/a6530481a83d259fb71ae8a2e9ac16d3_
[Mon Feb 10 19:56:08 2025]
Finished job 6.
1 of 12 steps (8%) done
Select jobs to execute...
Execute 1 jobs...

[Mon Feb 10 19:56:08 2025]
localrule filter_sequences:
    input: data/example5.fasta
    output: filtered/example5.filtered.fasta
    jobid: 5
    reason: Missing output files: filtered/example5.filtered.fasta
    wildcards: sample=example5
    resources: tmpdir=/tmp

Activating conda environment: ../envs/a6530481a83d259fb71ae8a2e9ac16d3_
[Mon Feb 10 19:56:08 2025]
Finished job 1.
2 of 12 steps (17%) done
Select jobs to execute...
Execute 1 jobs...

[Mon Feb 10 19:56:08 2025]
localrule filter_sequences:
    input: data/example2.fasta
    output: filtered/example2.filtered.fasta
    jobid: 9
    reason: Missing output files: filtered/example2.filtered.fasta
    wildcards: sample=example2
    resources: tmpdir=/tmp

Activating conda environment: ../envs/a6530481a83d259fb71ae8a2e9ac16d3_
[Mon Feb 10 19:56:08 2025]
Finished job 5.
3 of 12 steps (25%) done
Select jobs to execute...
Execute 1 jobs...

[Mon Feb 10 19:56:08 2025]
localrule filter_sequences:
    input: data/example3.fasta
    output: filtered/example3.filtered.fasta
    jobid: 2
    reason: Missing output files: filtered/example3.filtered.fasta
    wildcards: sample=example3
    resources: tmpdir=/tmp

Activating conda environment: ../envs/a6530481a83d259fb71ae8a2e9ac16d3_
[Mon Feb 10 19:56:08 2025]
Finished job 9.
4 of 12 steps (33%) done
Select jobs to execute...
Execute 1 jobs...

[Mon Feb 10 19:56:09 2025]
localrule filter_sequences:
    input: data/example.fasta
    output: filtered/example.filtered.fasta
    jobid: 10
    reason: Missing output files: filtered/example.filtered.fasta
    wildcards: sample=example
    resources: tmpdir=/tmp

Activating conda environment: ../envs/a6530481a83d259fb71ae8a2e9ac16d3_
[Mon Feb 10 19:56:09 2025]
Finished job 2.
5 of 12 steps (42%) done
Select jobs to execute...
Execute 1 jobs...

[Mon Feb 10 19:56:09 2025]
localrule filter_sequences:
    input: data/example6.fasta
    output: filtered/example6.filtered.fasta
    jobid: 7
    reason: Missing output files: filtered/example6.filtered.fasta
    wildcards: sample=example6
    resources: tmpdir=/tmp

Activating conda environment: ../envs/a6530481a83d259fb71ae8a2e9ac16d3_
[Mon Feb 10 19:56:09 2025]
Finished job 10.
6 of 12 steps (50%) done
Select jobs to execute...
Execute 1 jobs...

[Mon Feb 10 19:56:09 2025]
localrule filter_sequences:
    input: data/example4.fasta
    output: filtered/example4.filtered.fasta
    jobid: 11
    reason: Missing output files: filtered/example4.filtered.fasta
    wildcards: sample=example4
    resources: tmpdir=/tmp

Activating conda environment: ../envs/a6530481a83d259fb71ae8a2e9ac16d3_
[Mon Feb 10 19:56:09 2025]
Finished job 7.
7 of 12 steps (58%) done
Select jobs to execute...
Execute 1 jobs...

[Mon Feb 10 19:56:09 2025]
localrule filter_sequences:
    input: data/example7.fasta
    output: filtered/example7.filtered.fasta
    jobid: 4
    reason: Missing output files: filtered/example7.filtered.fasta
    wildcards: sample=example7
    resources: tmpdir=/tmp

Activating conda environment: ../envs/a6530481a83d259fb71ae8a2e9ac16d3_
[Mon Feb 10 19:56:09 2025]
Finished job 11.
8 of 12 steps (67%) done
Select jobs to execute...
Execute 1 jobs...

[Mon Feb 10 19:56:09 2025]
localrule filter_sequences:
    input: data/example1.fasta
    output: filtered/example1.filtered.fasta
    jobid: 8
    reason: Missing output files: filtered/example1.filtered.fasta
    wildcards: sample=example1
    resources: tmpdir=/tmp

Activating conda environment: ../envs/a6530481a83d259fb71ae8a2e9ac16d3_
[Mon Feb 10 19:56:09 2025]
Finished job 4.
9 of 12 steps (75%) done
Select jobs to execute...
Execute 1 jobs...

[Mon Feb 10 19:56:09 2025]
localrule filter_sequences:
    input: data/example10.fasta
    output: filtered/example10.filtered.fasta
    jobid: 3
    reason: Missing output files: filtered/example10.filtered.fasta
    wildcards: sample=example10
    resources: tmpdir=/tmp

Activating conda environment: ../envs/a6530481a83d259fb71ae8a2e9ac16d3_
[Mon Feb 10 19:56:10 2025]
Finished job 8.
10 of 12 steps (83%) done
[Mon Feb 10 19:56:10 2025]
Finished job 3.
11 of 12 steps (92%) done
Select jobs to execute...
Execute 1 jobs...

[Mon Feb 10 19:56:10 2025]
localrule all:
    input: filtered/example9.filtered.fasta, filtered/example3.filtered.fasta, filtered/example10.filtered.fasta, filtered/example7.filtered.fasta, filtered/example5.filtered.fasta, filtered/example8.filtered.fasta, filtered/example6.filtered.fasta, filtered/example1.filtered.fasta, filtered/example2.filtered.fasta, filtered/example.filtered.fasta, filtered/example4.filtered.fasta
    jobid: 0
    reason: Input files updated by another job: filtered/example6.filtered.fasta, filtered/example1.filtered.fasta, filtered/example4.filtered.fasta, filtered/example9.filtered.fasta, filtered/example.filtered.fasta, filtered/example7.filtered.fasta, filtered/example5.filtered.fasta, filtered/example2.filtered.fasta, filtered/example3.filtered.fasta, filtered/example8.filtered.fasta, filtered/example10.filtered.fasta
    resources: tmpdir=/tmp

[Mon Feb 10 19:56:10 2025]
Finished job 0.
12 of 12 steps (100%) done
Complete log: .snakemake/log/2025-02-10T195605.982318.snakemake.log
